C51 COMPILER V9.56.0.0   DELAY                                                             12/24/2016 08:50:20 PAGE 1   


C51 COMPILER V9.56.0.0, COMPILATION OF MODULE DELAY
OBJECT MODULE PLACED IN delay.obj
COMPILER INVOKED BY: F:\Keil_v5\C51\BIN\C51.EXE Delay\delay.c LARGE OPTIMIZE(8,SPEED) BROWSE INCDIR(.\Control;.\Delay;.\
                    -Key;.\Usart) DEBUG OBJECTEXTEND PRINT(.\delay.lst) OBJECT(delay.obj)

line level    source

   1          #include "delay.h"
   2          
   3          /* 延时函数 */
   4          void Delay_ms(unsigned char z)
   5          {
   6   1              unsigned char x,y;
   7   1              for(x=z;x>0;x--)
   8   1                      for(y=110;y>0;y--);
   9   1      }
  10          
  11          /* 延时函数 */
  12          void delayms(unsigned char z)
  13          {
  14   1              unsigned char x,y;
  15   1              for(x=z;x>0;x--)
  16   1                      for(y=110;y>0;y--);
  17   1      }


MODULE INFORMATION:   STATIC OVERLAYABLE
   CODE SIZE        =     28    ----
   CONSTANT SIZE    =   ----    ----
   XDATA SIZE       =   ----    ----
   PDATA SIZE       =   ----    ----
   DATA SIZE        =   ----    ----
   IDATA SIZE       =   ----    ----
   BIT SIZE         =   ----    ----
END OF MODULE INFORMATION.


C51 COMPILATION COMPLETE.  0 WARNING(S),  0 ERROR(S)
