C51 COMPILER V9.56.0.0   MAIN                                                              01/01/2017 15:21:39 PAGE 1   


C51 COMPILER V9.56.0.0, COMPILATION OF MODULE MAIN
OBJECT MODULE PLACED IN main.OBJ
COMPILER INVOKED BY: F:\Keil_v5\C51\BIN\C51.EXE main.c LARGE OPTIMIZE(8,SPEED) BROWSE INCDIR(.\Control;.\Delay;.\Key;.\U
                    -sart) DEBUG OBJECTEXTEND

line level    source

   1          #include "stc12c5a60s2.h"
   2          #include "Smart_Usart.h"
   3          #include "Usart_communication.h"
   4          #include "Key_Config.h"
   5          #include "delay.h"
   6          
   7          
   8          
   9          void main()
  10          {
  11   1              Usart_Init();             // 初始化函数
  12   1              while(1)
  13   1              {
  14   2                      Key_Usart_Config();   // 检测按键配置设备入网
  15   2                      Usart_Communication();// 处理串口数据
  16   2                      
  17   2              }
  18   1      }


MODULE INFORMATION:   STATIC OVERLAYABLE
   CODE SIZE        =     11    ----
   CONSTANT SIZE    =   ----    ----
   XDATA SIZE       =   ----    ----
   PDATA SIZE       =   ----    ----
   DATA SIZE        =   ----    ----
   IDATA SIZE       =   ----    ----
   BIT SIZE         =   ----    ----
END OF MODULE INFORMATION.


C51 COMPILATION COMPLETE.  0 WARNING(S),  0 ERROR(S)
